<html>
<head>
<title>TestNG:  Test</title>
<link href="../testng.css" rel="stylesheet" type="text/css" />
<link href="../my-testng.css" rel="stylesheet" type="text/css" />

<style type="text/css">
.log { display: none;} 
.stack-trace { display: none;} 
</style>
<script type="text/javascript">
<!--
function flip(e) {
  current = e.style.display;
  if (current == 'block') {
    e.style.display = 'none';
    return 0;
  }
  else {
    e.style.display = 'block';
    return 1;
  }
}

function toggleBox(szDivId, elem, msg1, msg2)
{
  var res = -1;  if (document.getElementById) {
    res = flip(document.getElementById(szDivId));
  }
  else if (document.all) {
    // this is the way old msie versions work
    res = flip(document.all[szDivId]);
  }
  if(elem) {
    if(res == 0) elem.innerHTML = msg1; else elem.innerHTML = msg2;
  }

}

function toggleAllBoxes() {
  if (document.getElementsByTagName) {
    d = document.getElementsByTagName('div');
    for (i = 0; i < d.length; i++) {
      if (d[i].className == 'log') {
        flip(d[i]);
      }
    }
  }
}

// -->
</script>

</head>
<body>
<h2 align='center'>Test</h2><table border='1' align="center">
<tr>
<td>Tests passed/Failed/Skipped:</td><td>23/2/0</td>
</tr><tr>
<td>Started on:</td><td>Sat Dec 16 18:42:19 PKT 2023</td>
</tr>
<tr><td>Total time:</td><td>15 seconds (15177 ms)</td>
</tr><tr>
<td>Included groups:</td><td></td>
</tr><tr>
<td>Excluded groups:</td><td></td>
</tr>
</table><p/>
<small><i>(Hover the method name to see the test class name)</i></small><p/>
<table width='100%' border='1' class='invocation-failed'>
<tr><td colspan='4' align='center'><b>FAILED TESTS</b></td></tr>
<tr><td><b>Test method</b></td>
<td><b>Attribute(s)</b></td>
<td width="30%"><b>Exception</b></td>
<td width="10%"><b>Time (seconds)</b></td>
<td><b>Instance</b></td>
</tr>
<tr>
<td title='api.test.taskThree.testTotalRecordsNegative()'><b>testTotalRecordsNegative</b><br>Test class: api.test.taskThree</td>
<td><div><pre>java.lang.AssertionError: Total records do not match the expected count expected [6] but found [12]
	at api.test.taskThree.testTotalRecordsNegative(taskThree.java:68)
	at java.base/java.util.ArrayList.forEach(ArrayList.java:1511)
... Removed 33 stack frames</pre></div><a href='#' onClick='toggleBox("stack-trace1053392896", this, "Click to show all stack frames", "Click to hide stack frames")'>Click to show all stack frames</a>
<div class='stack-trace' id='stack-trace1053392896'><pre>java.lang.AssertionError: Total records do not match the expected count expected [6] but found [12]
	at org.testng.Assert.fail(Assert.java:111)
	at org.testng.Assert.failNotEquals(Assert.java:1578)
	at org.testng.Assert.assertEqualsImpl(Assert.java:150)
	at org.testng.Assert.assertEquals(Assert.java:132)
	at org.testng.Assert.assertEquals(Assert.java:1419)
	at org.testng.Assert.assertEquals(Assert.java:1383)
	at api.test.taskThree.testTotalRecordsNegative(taskThree.java:68)
	at java.base/jdk.internal.reflect.NativeMethodAccessorImpl.invoke0(Native Method)
	at java.base/jdk.internal.reflect.NativeMethodAccessorImpl.invoke(NativeMethodAccessorImpl.java:77)
	at java.base/jdk.internal.reflect.DelegatingMethodAccessorImpl.invoke(DelegatingMethodAccessorImpl.java:43)
	at java.base/java.lang.reflect.Method.invoke(Method.java:568)
	at org.testng.internal.invokers.MethodInvocationHelper.invokeMethod(MethodInvocationHelper.java:139)
	at org.testng.internal.invokers.TestInvoker.invokeMethod(TestInvoker.java:664)
	at org.testng.internal.invokers.TestInvoker.invokeTestMethod(TestInvoker.java:227)
	at org.testng.internal.invokers.MethodRunner.runInSequence(MethodRunner.java:50)
	at org.testng.internal.invokers.TestInvoker$MethodInvocationAgent.invoke(TestInvoker.java:957)
	at org.testng.internal.invokers.TestInvoker.invokeTestMethods(TestInvoker.java:200)
	at org.testng.internal.invokers.TestMethodWorker.invokeTestMethods(TestMethodWorker.java:148)
	at org.testng.internal.invokers.TestMethodWorker.run(TestMethodWorker.java:128)
	at java.base/java.util.ArrayList.forEach(ArrayList.java:1511)
	at org.testng.TestRunner.privateRun(TestRunner.java:848)
	at org.testng.TestRunner.run(TestRunner.java:621)
	at org.testng.SuiteRunner.runTest(SuiteRunner.java:443)
	at org.testng.SuiteRunner.runSequentially(SuiteRunner.java:437)
	at org.testng.SuiteRunner.privateRun(SuiteRunner.java:397)
	at org.testng.SuiteRunner.run(SuiteRunner.java:336)
	at org.testng.SuiteRunnerWorker.runSuite(SuiteRunnerWorker.java:52)
	at org.testng.SuiteRunnerWorker.run(SuiteRunnerWorker.java:95)
	at org.testng.TestNG.runSuitesSequentially(TestNG.java:1280)
	at org.testng.TestNG.runSuitesLocally(TestNG.java:1200)
	at org.testng.TestNG.runSuites(TestNG.java:1114)
	at org.testng.TestNG.run(TestNG.java:1082)
	at org.testng.remote.AbstractRemoteTestNG.run(AbstractRemoteTestNG.java:115)
	at org.testng.remote.RemoteTestNG.initAndRun(RemoteTestNG.java:251)
	at org.testng.remote.RemoteTestNG.main(RemoteTestNG.java:77)
</pre></div></td>
<td>0</td>
<td>api.test.taskThree@6f1de4c7</td></tr>
<tr>
<td title='api.test.testsCases.testAllUsersData()'><b>testAllUsersData</b><br>Test class: api.test.testsCases</td>
<td><div><pre>java.lang.AssertionError: expected [2] but found [1]
	at api.test.testsCases.testAllUsersData(testsCases.java:38)
	at java.base/java.util.ArrayList.forEach(ArrayList.java:1511)
... Removed 34 stack frames</pre></div><a href='#' onClick='toggleBox("stack-trace2089123471", this, "Click to show all stack frames", "Click to hide stack frames")'>Click to show all stack frames</a>
<div class='stack-trace' id='stack-trace2089123471'><pre>java.lang.AssertionError: expected [2] but found [1]
	at org.testng.Assert.fail(Assert.java:111)
	at org.testng.Assert.failNotEquals(Assert.java:1578)
	at org.testng.Assert.assertEqualsImpl(Assert.java:150)
	at org.testng.Assert.assertEquals(Assert.java:132)
	at org.testng.Assert.assertEquals(Assert.java:1419)
	at org.testng.Assert.assertEquals(Assert.java:1383)
	at org.testng.Assert.assertEquals(Assert.java:1429)
	at api.test.testsCases.testAllUsersData(testsCases.java:38)
	at java.base/jdk.internal.reflect.NativeMethodAccessorImpl.invoke0(Native Method)
	at java.base/jdk.internal.reflect.NativeMethodAccessorImpl.invoke(NativeMethodAccessorImpl.java:77)
	at java.base/jdk.internal.reflect.DelegatingMethodAccessorImpl.invoke(DelegatingMethodAccessorImpl.java:43)
	at java.base/java.lang.reflect.Method.invoke(Method.java:568)
	at org.testng.internal.invokers.MethodInvocationHelper.invokeMethod(MethodInvocationHelper.java:139)
	at org.testng.internal.invokers.TestInvoker.invokeMethod(TestInvoker.java:664)
	at org.testng.internal.invokers.TestInvoker.invokeTestMethod(TestInvoker.java:227)
	at org.testng.internal.invokers.MethodRunner.runInSequence(MethodRunner.java:50)
	at org.testng.internal.invokers.TestInvoker$MethodInvocationAgent.invoke(TestInvoker.java:957)
	at org.testng.internal.invokers.TestInvoker.invokeTestMethods(TestInvoker.java:200)
	at org.testng.internal.invokers.TestMethodWorker.invokeTestMethods(TestMethodWorker.java:148)
	at org.testng.internal.invokers.TestMethodWorker.run(TestMethodWorker.java:128)
	at java.base/java.util.ArrayList.forEach(ArrayList.java:1511)
	at org.testng.TestRunner.privateRun(TestRunner.java:848)
	at org.testng.TestRunner.run(TestRunner.java:621)
	at org.testng.SuiteRunner.runTest(SuiteRunner.java:443)
	at org.testng.SuiteRunner.runSequentially(SuiteRunner.java:437)
	at org.testng.SuiteRunner.privateRun(SuiteRunner.java:397)
	at org.testng.SuiteRunner.run(SuiteRunner.java:336)
	at org.testng.SuiteRunnerWorker.runSuite(SuiteRunnerWorker.java:52)
	at org.testng.SuiteRunnerWorker.run(SuiteRunnerWorker.java:95)
	at org.testng.TestNG.runSuitesSequentially(TestNG.java:1280)
	at org.testng.TestNG.runSuitesLocally(TestNG.java:1200)
	at org.testng.TestNG.runSuites(TestNG.java:1114)
	at org.testng.TestNG.run(TestNG.java:1082)
	at org.testng.remote.AbstractRemoteTestNG.run(AbstractRemoteTestNG.java:115)
	at org.testng.remote.RemoteTestNG.initAndRun(RemoteTestNG.java:251)
	at org.testng.remote.RemoteTestNG.main(RemoteTestNG.java:77)
</pre></div></td>
<td>0</td>
<td>api.test.testsCases@689604d9</td></tr>
</table><p>
<table width='100%' border='1' class='invocation-passed'>
<tr><td colspan='4' align='center'><b>PASSED TESTS</b></td></tr>
<tr><td><b>Test method</b></td>
<td><b>Attribute(s)</b></td>
<td width="30%"><b>Exception</b></td>
<td width="10%"><b>Time (seconds)</b></td>
<td><b>Instance</b></td>
</tr>
<tr>
<td title='api.test.taskThree.testCreateUserStatusCode()'><b>testCreateUserStatusCode</b><br>Test class: api.test.taskThree</td>
<td></td>
<td>0</td>
<td>api.test.taskThree@6f1de4c7</td></tr>
<tr>
<td title='api.test.taskFour.testGetUserDetails()'><b>testGetUserDetails</b><br>Test class: api.test.taskFour<br>Parameters: 1</td>
<td></td>
<td>0</td>
<td>api.test.taskFour@459e9125</td></tr>
<tr>
<td title='api.test.taskFour.testGetUserDetails()'><b>testGetUserDetails</b><br>Test class: api.test.taskFour<br>Parameters: userIds</td>
<td></td>
<td>0</td>
<td>api.test.taskFour@459e9125</td></tr>
<tr>
<td title='api.test.taskFour.testGetUserDetails()'><b>testGetUserDetails</b><br>Test class: api.test.taskFour<br>Parameters: 6</td>
<td></td>
<td>0</td>
<td>api.test.taskFour@459e9125</td></tr>
<tr>
<td title='api.test.testsCases.testgetSingleUser()'><b>testgetSingleUser</b><br>Test class: api.test.testsCases</td>
<td></td>
<td>0</td>
<td>api.test.testsCases@689604d9</td></tr>
<tr>
<td title='api.test.taskFour.testGetUserDetails()'><b>testGetUserDetails</b><br>Test class: api.test.taskFour<br>Parameters: 4</td>
<td></td>
<td>0</td>
<td>api.test.taskFour@459e9125</td></tr>
<tr>
<td title='api.test.taskFour.deleteRecord()'><b>deleteRecord</b><br>Test class: api.test.taskFour</td>
<td></td>
<td>0</td>
<td>api.test.taskFour@459e9125</td></tr>
<tr>
<td title='api.test.testsCases.testCreateUser()'><b>testCreateUser</b><br>Test class: api.test.testsCases</td>
<td></td>
<td>1</td>
<td>api.test.testsCases@689604d9</td></tr>
<tr>
<td title='api.test.testsCases.testPatchInfoUpdate()'><b>testPatchInfoUpdate</b><br>Test class: api.test.testsCases</td>
<td></td>
<td>0</td>
<td>api.test.testsCases@689604d9</td></tr>
<tr>
<td title='api.test.taskFour.testGetUserDetails()'><b>testGetUserDetails</b><br>Test class: api.test.taskFour<br>Parameters: 8</td>
<td></td>
<td>0</td>
<td>api.test.taskFour@459e9125</td></tr>
<tr>
<td title='api.test.taskThree.testResponseTotalPages()'><b>testResponseTotalPages</b><br>Test class: api.test.taskThree</td>
<td></td>
<td>0</td>
<td>api.test.taskThree@6f1de4c7</td></tr>
<tr>
<td title='api.test.taskFour.testGetUserDetails()'><b>testGetUserDetails</b><br>Test class: api.test.taskFour<br>Parameters: 3</td>
<td></td>
<td>0</td>
<td>api.test.taskFour@459e9125</td></tr>
<tr>
<td title='api.test.taskThree.testTotalRecords()'><b>testTotalRecords</b><br>Test class: api.test.taskThree</td>
<td></td>
<td>0</td>
<td>api.test.taskThree@6f1de4c7</td></tr>
<tr>
<td title='api.test.testsCases.testPutInfoUpdate()'><b>testPutInfoUpdate</b><br>Test class: api.test.testsCases</td>
<td></td>
<td>0</td>
<td>api.test.testsCases@689604d9</td></tr>
<tr>
<td title='api.test.taskThree.testCreateUserID()'><b>testCreateUserID</b><br>Test class: api.test.taskThree</td>
<td></td>
<td>0</td>
<td>api.test.taskThree@6f1de4c7</td></tr>
<tr>
<td title='api.test.taskThree.testPutInfoUpdate()'><b>testPutInfoUpdate</b><br>Test class: api.test.taskThree</td>
<td></td>
<td>0</td>
<td>api.test.taskThree@6f1de4c7</td></tr>
<tr>
<td title='api.test.taskFour.testGetUserDetails()'><b>testGetUserDetails</b><br>Test class: api.test.taskFour<br>Parameters: 5</td>
<td></td>
<td>0</td>
<td>api.test.taskFour@459e9125</td></tr>
<tr>
<td title='api.test.taskFour.testGetUserDetails()'><b>testGetUserDetails</b><br>Test class: api.test.taskFour<br>Parameters: 9</td>
<td></td>
<td>0</td>
<td>api.test.taskFour@459e9125</td></tr>
<tr>
<td title='api.test.taskFour.testGetUserDetails()'><b>testGetUserDetails</b><br>Test class: api.test.taskFour<br>Parameters: 7</td>
<td></td>
<td>0</td>
<td>api.test.taskFour@459e9125</td></tr>
<tr>
<td title='api.test.taskThree.testPatchInfoUpdate()'><b>testPatchInfoUpdate</b><br>Test class: api.test.taskThree</td>
<td></td>
<td>0</td>
<td>api.test.taskThree@6f1de4c7</td></tr>
<tr>
<td title='api.test.taskThree.testResponseStatusCode()'><b>testResponseStatusCode</b><br>Test class: api.test.taskThree</td>
<td></td>
<td>0</td>
<td>api.test.taskThree@6f1de4c7</td></tr>
<tr>
<td title='api.test.taskFour.testGetUserDetails()'><b>testGetUserDetails</b><br>Test class: api.test.taskFour<br>Parameters: 2</td>
<td></td>
<td>0</td>
<td>api.test.taskFour@459e9125</td></tr>
<tr>
<td title='api.test.taskFour.testGetUserDetails()'><b>testGetUserDetails</b><br>Test class: api.test.taskFour<br>Parameters: 10</td>
<td></td>
<td>0</td>
<td>api.test.taskFour@459e9125</td></tr>
</table><p>
</body>
</html>